1591366774468	mozrunner::runner	INFO	Running command: "/Applications/Firefox.app/Contents/MacOS/firefox-bin" "-marionette" "-foreground" "-no-remote" "-profile" "/var/folders/3q/8mphg76x6s53xbhn1r_rkn240000gn/T/rust_mozprofilekIuCLe"
1591366776540	Marionette	INFO	Listening on port 52286
1591366776604	Marionette	WARN	TLS certificate errors will be ignored for this session
1591366776874	Marionette	INFO	Stopped listening on port 52286
1591376561843	mozrunner::runner	INFO	Running command: "/Applications/Firefox.app/Contents/MacOS/firefox-bin" "-marionette" "-foreground" "-no-remote" "-profile" "/var/folders/3q/8mphg76x6s53xbhn1r_rkn240000gn/T/rust_mozprofile2b7ZK9"
1591376564032	Marionette	INFO	Listening on port 53811
1591376564099	Marionette	WARN	TLS certificate errors will be ignored for this session
1591376564475	Marionette	INFO	Stopped listening on port 53811
1591376585187	mozrunner::runner	INFO	Running command: "/Applications/Firefox.app/Contents/MacOS/firefox-bin" "-marionette" "-foreground" "-no-remote" "-profile" "/var/folders/3q/8mphg76x6s53xbhn1r_rkn240000gn/T/rust_mozprofile77tf7C"
1591376587416	Marionette	INFO	Listening on port 53877
1591376587437	Marionette	WARN	TLS certificate errors will be ignored for this session
1591376587725	Marionette	INFO	Stopped listening on port 53877
console.warn: services.settings: main/cfr sync interrupted by shutdown
1591376625089	mozrunner::runner	INFO	Running command: "/Applications/Firefox.app/Contents/MacOS/firefox-bin" "-marionette" "-foreground" "-no-remote" "-profile" "/var/folders/3q/8mphg76x6s53xbhn1r_rkn240000gn/T/rust_mozprofileghPpTs"
1591376627329	Marionette	INFO	Listening on port 53930
1591376627353	Marionette	WARN	TLS certificate errors will be ignored for this session
JavaScript error: resource://gre/actors/AutoCompleteChild.jsm, line 196: Error: Invalid autocomplete selectedIndex
1591376629838	Marionette	INFO	Stopped listening on port 53930
1591376632185	mozrunner::runner	INFO	Running command: "/Applications/Firefox.app/Contents/MacOS/firefox-bin" "-marionette" "-foreground" "-no-remote" "-profile" "/var/folders/3q/8mphg76x6s53xbhn1r_rkn240000gn/T/rust_mozprofile36TaMa"
1591376634576	Marionette	INFO	Listening on port 53990
1591376634654	Marionette	WARN	TLS certificate errors will be ignored for this session
1591376639941	Marionette	INFO	Stopped listening on port 53990
1591376642334	mozrunner::runner	INFO	Running command: "/Applications/Firefox.app/Contents/MacOS/firefox-bin" "-marionette" "-foreground" "-no-remote" "-profile" "/var/folders/3q/8mphg76x6s53xbhn1r_rkn240000gn/T/rust_mozprofileUjmSy4"
1591376644561	Marionette	INFO	Listening on port 54048
1591376644596	Marionette	WARN	TLS certificate errors will be ignored for this session
JavaScript error: resource://gre/actors/AutoCompleteChild.jsm, line 196: Error: Invalid autocomplete selectedIndex
1591376645456	Marionette	INFO	Stopped listening on port 54048
1591376831228	mozrunner::runner	INFO	Running command: "/Applications/Firefox.app/Contents/MacOS/firefox-bin" "-marionette" "-foreground" "-no-remote" "-profile" "/var/folders/3q/8mphg76x6s53xbhn1r_rkn240000gn/T/rust_mozprofileA03OJ6"
1591376833316	Marionette	INFO	Listening on port 54138
1591376833360	Marionette	WARN	TLS certificate errors will be ignored for this session
JavaScript error: resource://gre/actors/AutoCompleteChild.jsm, line 196: Error: Invalid autocomplete selectedIndex
1591376835851	Marionette	INFO	Stopped listening on port 54138
1591376838211	mozrunner::runner	INFO	Running command: "/Applications/Firefox.app/Contents/MacOS/firefox-bin" "-marionette" "-foreground" "-no-remote" "-profile" "/var/folders/3q/8mphg76x6s53xbhn1r_rkn240000gn/T/rust_mozprofile2TR6ol"
1591376840438	Marionette	INFO	Listening on port 54191
1591376840488	Marionette	WARN	TLS certificate errors will be ignored for this session
1591376840791	Marionette	INFO	Stopped listening on port 54191
JavaScript error: resource://gre/modules/UrlClassifierListManager.jsm, line 691: TypeError: this.tablesData[table] is undefined
1591376843195	mozrunner::runner	INFO	Running command: "/Applications/Firefox.app/Contents/MacOS/firefox-bin" "-marionette" "-foreground" "-no-remote" "-profile" "/var/folders/3q/8mphg76x6s53xbhn1r_rkn240000gn/T/rust_mozprofilejSTMEh"
1591376845395	Marionette	INFO	Listening on port 54246
1591376845436	Marionette	WARN	TLS certificate errors will be ignored for this session
JavaScript error: resource://gre/actors/AutoCompleteChild.jsm, line 196: Error: Invalid autocomplete selectedIndex
1591376846297	Marionette	INFO	Stopped listening on port 54246
1591376906218	mozrunner::runner	INFO	Running command: "/Applications/Firefox.app/Contents/MacOS/firefox-bin" "-marionette" "-foreground" "-no-remote" "-profile" "/var/folders/3q/8mphg76x6s53xbhn1r_rkn240000gn/T/rust_mozprofilelwetSM"
1591376908531	Marionette	INFO	Listening on port 54332
1591376908567	Marionette	WARN	TLS certificate errors will be ignored for this session
JavaScript error: resource://gre/actors/AutoCompleteChild.jsm, line 196: Error: Invalid autocomplete selectedIndex
1591376911041	Marionette	INFO	Stopped listening on port 54332
1591376913420	mozrunner::runner	INFO	Running command: "/Applications/Firefox.app/Contents/MacOS/firefox-bin" "-marionette" "-foreground" "-no-remote" "-profile" "/var/folders/3q/8mphg76x6s53xbhn1r_rkn240000gn/T/rust_mozprofilePoXoUR"
1591376915608	Marionette	INFO	Listening on port 54387
1591376915663	Marionette	WARN	TLS certificate errors will be ignored for this session
1591376916047	Marionette	INFO	Stopped listening on port 54387
1591376918443	mozrunner::runner	INFO	Running command: "/Applications/Firefox.app/Contents/MacOS/firefox-bin" "-marionette" "-foreground" "-no-remote" "-profile" "/var/folders/3q/8mphg76x6s53xbhn1r_rkn240000gn/T/rust_mozprofiledfK1Zs"
1591376920884	Marionette	INFO	Listening on port 54444
1591376920901	Marionette	WARN	TLS certificate errors will be ignored for this session
JavaScript error: resource://gre/actors/AutoCompleteChild.jsm, line 196: Error: Invalid autocomplete selectedIndex
1591376921836	Marionette	INFO	Stopped listening on port 54444
1591377001706	mozrunner::runner	INFO	Running command: "/Applications/Firefox.app/Contents/MacOS/firefox-bin" "-marionette" "-foreground" "-no-remote" "-profile" "/var/folders/3q/8mphg76x6s53xbhn1r_rkn240000gn/T/rust_mozprofileZu91GY"
1591377004060	Marionette	INFO	Listening on port 54523
1591377004164	Marionette	WARN	TLS certificate errors will be ignored for this session
JavaScript error: resource://gre/actors/AutoCompleteChild.jsm, line 196: Error: Invalid autocomplete selectedIndex
1591377006602	Marionette	INFO	Stopped listening on port 54523
1591377009076	mozrunner::runner	INFO	Running command: "/Applications/Firefox.app/Contents/MacOS/firefox-bin" "-marionette" "-foreground" "-no-remote" "-profile" "/var/folders/3q/8mphg76x6s53xbhn1r_rkn240000gn/T/rust_mozprofile8kCSYJ"
1591377011339	Marionette	INFO	Listening on port 54584
1591377011427	Marionette	WARN	TLS certificate errors will be ignored for this session
1591377011766	Marionette	INFO	Stopped listening on port 54584
1591377014132	mozrunner::runner	INFO	Running command: "/Applications/Firefox.app/Contents/MacOS/firefox-bin" "-marionette" "-foreground" "-no-remote" "-profile" "/var/folders/3q/8mphg76x6s53xbhn1r_rkn240000gn/T/rust_mozprofileAvxxRw"
1591377016266	Marionette	INFO	Listening on port 54642
1591377016297	Marionette	WARN	TLS certificate errors will be ignored for this session
JavaScript error: resource://gre/actors/AutoCompleteChild.jsm, line 196: Error: Invalid autocomplete selectedIndex
1591377026888	Marionette	INFO	Stopped listening on port 54642
1591377030208	mozrunner::runner	INFO	Running command: "/Applications/Firefox.app/Contents/MacOS/firefox-bin" "-marionette" "-foreground" "-no-remote" "-profile" "/var/folders/3q/8mphg76x6s53xbhn1r_rkn240000gn/T/rust_mozprofilepJwdFc"
1591377032702	Marionette	INFO	Listening on port 54697
1591377032771	Marionette	WARN	TLS certificate errors will be ignored for this session
JavaScript error: resource://gre/actors/AutoCompleteChild.jsm, line 196: Error: Invalid autocomplete selectedIndex
Exiting due to channel error.
[GFX1-]: Receive IPC close with reason=AbnormalShutdown
Exiting due to channel error.
1591377060098	mozrunner::runner	INFO	Running command: "/Applications/Firefox.app/Contents/MacOS/firefox-bin" "-marionette" "-foreground" "-no-remote" "-profile" "/var/folders/3q/8mphg76x6s53xbhn1r_rkn240000gn/T/rust_mozprofilexR2Kvz"
1591377062273	Marionette	INFO	Listening on port 54771
1591377062334	Marionette	WARN	TLS certificate errors will be ignored for this session
JavaScript error: resource://gre/actors/AutoCompleteChild.jsm, line 196: Error: Invalid autocomplete selectedIndex
1591377063744	Marionette	INFO	Stopped listening on port 54771
1591377077530	mozrunner::runner	INFO	Running command: "/Applications/Firefox.app/Contents/MacOS/firefox-bin" "-marionette" "-foreground" "-no-remote" "-profile" "/var/folders/3q/8mphg76x6s53xbhn1r_rkn240000gn/T/rust_mozprofilem30bng"
1591377080177	Marionette	INFO	Listening on port 54834
1591377080190	Marionette	WARN	TLS certificate errors will be ignored for this session
JavaScript error: resource://gre/actors/AutoCompleteChild.jsm, line 196: Error: Invalid autocomplete selectedIndex
1591377082682	Marionette	INFO	Stopped listening on port 54834
1591377085053	mozrunner::runner	INFO	Running command: "/Applications/Firefox.app/Contents/MacOS/firefox-bin" "-marionette" "-foreground" "-no-remote" "-profile" "/var/folders/3q/8mphg76x6s53xbhn1r_rkn240000gn/T/rust_mozprofileewHTKa"
1591377087162	Marionette	INFO	Listening on port 54895
1591377087191	Marionette	WARN	TLS certificate errors will be ignored for this session
1591377087565	Marionette	INFO	Stopped listening on port 54895
1591377089955	mozrunner::runner	INFO	Running command: "/Applications/Firefox.app/Contents/MacOS/firefox-bin" "-marionette" "-foreground" "-no-remote" "-profile" "/var/folders/3q/8mphg76x6s53xbhn1r_rkn240000gn/T/rust_mozprofile11MPM9"
1591377092217	Marionette	INFO	Listening on port 54951
1591377092290	Marionette	WARN	TLS certificate errors will be ignored for this session
JavaScript error: resource://gre/actors/AutoCompleteChild.jsm, line 196: Error: Invalid autocomplete selectedIndex
1591377093164	Marionette	INFO	Stopped listening on port 54951
1591377178291	mozrunner::runner	INFO	Running command: "/Applications/Firefox.app/Contents/MacOS/firefox-bin" "-marionette" "-foreground" "-no-remote" "-profile" "/var/folders/3q/8mphg76x6s53xbhn1r_rkn240000gn/T/rust_mozprofileBcToON"
1591377180391	Marionette	INFO	Listening on port 55027
1591377180433	Marionette	WARN	TLS certificate errors will be ignored for this session
JavaScript error: resource://gre/actors/AutoCompleteChild.jsm, line 196: Error: Invalid autocomplete selectedIndex
1591377182915	Marionette	INFO	Stopped listening on port 55027
1591377185289	mozrunner::runner	INFO	Running command: "/Applications/Firefox.app/Contents/MacOS/firefox-bin" "-marionette" "-foreground" "-no-remote" "-profile" "/var/folders/3q/8mphg76x6s53xbhn1r_rkn240000gn/T/rust_mozprofileeTMDl5"
1591377187608	Marionette	INFO	Listening on port 55083
1591377187646	Marionette	WARN	TLS certificate errors will be ignored for this session
1591377188047	Marionette	INFO	Stopped listening on port 55083
1591377190416	mozrunner::runner	INFO	Running command: "/Applications/Firefox.app/Contents/MacOS/firefox-bin" "-marionette" "-foreground" "-no-remote" "-profile" "/var/folders/3q/8mphg76x6s53xbhn1r_rkn240000gn/T/rust_mozprofileocatTC"
1591377192655	Marionette	INFO	Listening on port 55142
1591377192756	Marionette	WARN	TLS certificate errors will be ignored for this session
JavaScript error: resource://gre/actors/AutoCompleteChild.jsm, line 196: Error: Invalid autocomplete selectedIndex
1591377193636	Marionette	INFO	Stopped listening on port 55142
1591377378510	mozrunner::runner	INFO	Running command: "/Applications/Firefox.app/Contents/MacOS/firefox-bin" "-marionette" "-foreground" "-no-remote" "-profile" "/var/folders/3q/8mphg76x6s53xbhn1r_rkn240000gn/T/rust_mozprofileKdwoZK"
1591377380612	Marionette	INFO	Listening on port 55246
1591377380848	Marionette	WARN	TLS certificate errors will be ignored for this session
JavaScript error: resource://gre/actors/AutoCompleteChild.jsm, line 196: Error: Invalid autocomplete selectedIndex
1591377383279	Marionette	INFO	Stopped listening on port 55246
1591377385626	mozrunner::runner	INFO	Running command: "/Applications/Firefox.app/Contents/MacOS/firefox-bin" "-marionette" "-foreground" "-no-remote" "-profile" "/var/folders/3q/8mphg76x6s53xbhn1r_rkn240000gn/T/rust_mozprofiledvFsVF"
1591377387754	Marionette	INFO	Listening on port 55305
1591377387771	Marionette	WARN	TLS certificate errors will be ignored for this session
JavaScript error: resource://gre/actors/AutoCompleteChild.jsm, line 196: Error: Invalid autocomplete selectedIndex
1591377388758	Marionette	INFO	Stopped listening on port 55305
1591377391114	mozrunner::runner	INFO	Running command: "/Applications/Firefox.app/Contents/MacOS/firefox-bin" "-marionette" "-foreground" "-no-remote" "-profile" "/var/folders/3q/8mphg76x6s53xbhn1r_rkn240000gn/T/rust_mozprofileA02m0q"
1591377393203	Marionette	INFO	Listening on port 55359
1591377393255	Marionette	WARN	TLS certificate errors will be ignored for this session
JavaScript error: resource://gre/actors/AutoCompleteChild.jsm, line 196: Error: Invalid autocomplete selectedIndex
1591377394157	Marionette	INFO	Stopped listening on port 55359
1591378885554	mozrunner::runner	INFO	Running command: "/Applications/Firefox.app/Contents/MacOS/firefox-bin" "-marionette" "-foreground" "-no-remote" "-profile" "/var/folders/3q/8mphg76x6s53xbhn1r_rkn240000gn/T/rust_mozprofile1i3pgE"
1591378887698	Marionette	INFO	Listening on port 55812
1591378887792	Marionette	WARN	TLS certificate errors will be ignored for this session
JavaScript error: resource://gre/actors/AutoCompleteChild.jsm, line 196: Error: Invalid autocomplete selectedIndex
1591378890265	Marionette	INFO	Stopped listening on port 55812
1591378892644	mozrunner::runner	INFO	Running command: "/Applications/Firefox.app/Contents/MacOS/firefox-bin" "-marionette" "-foreground" "-no-remote" "-profile" "/var/folders/3q/8mphg76x6s53xbhn1r_rkn240000gn/T/rust_mozprofile38KS25"
1591378894923	Marionette	INFO	Listening on port 55873
1591378894985	Marionette	WARN	TLS certificate errors will be ignored for this session
JavaScript error: resource://gre/actors/AutoCompleteChild.jsm, line 196: Error: Invalid autocomplete selectedIndex
1591378895924	Marionette	INFO	Stopped listening on port 55873
1591378898317	mozrunner::runner	INFO	Running command: "/Applications/Firefox.app/Contents/MacOS/firefox-bin" "-marionette" "-foreground" "-no-remote" "-profile" "/var/folders/3q/8mphg76x6s53xbhn1r_rkn240000gn/T/rust_mozprofileNLEYMM"
1591378900889	Marionette	INFO	Listening on port 55931
1591378900979	Marionette	WARN	TLS certificate errors will be ignored for this session
JavaScript error: resource://gre/actors/AutoCompleteChild.jsm, line 196: Error: Invalid autocomplete selectedIndex
1591378901871	Marionette	INFO	Stopped listening on port 55931
1591381731491	mozrunner::runner	INFO	Running command: "/Applications/Firefox.app/Contents/MacOS/firefox-bin" "-marionette" "-foreground" "-no-remote" "-profile" "/var/folders/3q/8mphg76x6s53xbhn1r_rkn240000gn/T/rust_mozprofilescGOIw"
1591381733776	Marionette	INFO	Listening on port 56662
1591381733850	Marionette	WARN	TLS certificate errors will be ignored for this session
JavaScript error: resource://gre/actors/AutoCompleteChild.jsm, line 196: Error: Invalid autocomplete selectedIndex
1591381736347	Marionette	INFO	Stopped listening on port 56662
1591381738715	mozrunner::runner	INFO	Running command: "/Applications/Firefox.app/Contents/MacOS/firefox-bin" "-marionette" "-foreground" "-no-remote" "-profile" "/var/folders/3q/8mphg76x6s53xbhn1r_rkn240000gn/T/rust_mozprofilejYLrHH"
1591381740849	Marionette	INFO	Listening on port 56725
1591381740868	Marionette	WARN	TLS certificate errors will be ignored for this session
JavaScript error: resource://gre/actors/AutoCompleteChild.jsm, line 196: Error: Invalid autocomplete selectedIndex
1591381741825	Marionette	INFO	Stopped listening on port 56725
1591381744206	mozrunner::runner	INFO	Running command: "/Applications/Firefox.app/Contents/MacOS/firefox-bin" "-marionette" "-foreground" "-no-remote" "-profile" "/var/folders/3q/8mphg76x6s53xbhn1r_rkn240000gn/T/rust_mozprofileWSzTmM"
1591381746297	Marionette	INFO	Listening on port 56780
1591381746355	Marionette	WARN	TLS certificate errors will be ignored for this session
JavaScript error: resource://gre/actors/AutoCompleteChild.jsm, line 196: Error: Invalid autocomplete selectedIndex
1591381747263	Marionette	INFO	Stopped listening on port 56780
1591383737327	mozrunner::runner	INFO	Running command: "/Applications/Firefox.app/Contents/MacOS/firefox-bin" "-marionette" "-foreground" "-no-remote" "-profile" "/var/folders/3q/8mphg76x6s53xbhn1r_rkn240000gn/T/rust_mozprofileSpRzNa"
1591383739519	Marionette	INFO	Listening on port 57352
1591383739584	Marionette	WARN	TLS certificate errors will be ignored for this session
JavaScript error: resource://gre/actors/AutoCompleteChild.jsm, line 196: Error: Invalid autocomplete selectedIndex
1591383742219	Marionette	INFO	Stopped listening on port 57352
1591383744584	mozrunner::runner	INFO	Running command: "/Applications/Firefox.app/Contents/MacOS/firefox-bin" "-marionette" "-foreground" "-no-remote" "-profile" "/var/folders/3q/8mphg76x6s53xbhn1r_rkn240000gn/T/rust_mozprofileuN9HOG"
1591383746710	Marionette	INFO	Listening on port 57410
1591383746732	Marionette	WARN	TLS certificate errors will be ignored for this session
JavaScript error: resource://gre/actors/AutoCompleteChild.jsm, line 196: Error: Invalid autocomplete selectedIndex
1591383747691	Marionette	INFO	Stopped listening on port 57410
1591383750063	mozrunner::runner	INFO	Running command: "/Applications/Firefox.app/Contents/MacOS/firefox-bin" "-marionette" "-foreground" "-no-remote" "-profile" "/var/folders/3q/8mphg76x6s53xbhn1r_rkn240000gn/T/rust_mozprofilehYPXwq"
1591383752539	Marionette	INFO	Listening on port 57467
1591383752614	Marionette	WARN	TLS certificate errors will be ignored for this session
JavaScript error: resource://gre/actors/AutoCompleteChild.jsm, line 196: Error: Invalid autocomplete selectedIndex
1591383753483	Marionette	INFO	Stopped listening on port 57467
1591383822063	mozrunner::runner	INFO	Running command: "/Applications/Firefox.app/Contents/MacOS/firefox-bin" "-marionette" "-foreground" "-no-remote" "-profile" "/var/folders/3q/8mphg76x6s53xbhn1r_rkn240000gn/T/rust_mozprofilesYb3Zo"
1591383824164	Marionette	INFO	Listening on port 57553
1591383824201	Marionette	WARN	TLS certificate errors will be ignored for this session
1591383824506	Marionette	INFO	Stopped listening on port 57553
1591383826898	mozrunner::runner	INFO	Running command: "/Applications/Firefox.app/Contents/MacOS/firefox-bin" "-marionette" "-foreground" "-no-remote" "-profile" "/var/folders/3q/8mphg76x6s53xbhn1r_rkn240000gn/T/rust_mozprofile4JKIvt"
1591383829168	Marionette	INFO	Listening on port 57609
1591383829261	Marionette	WARN	TLS certificate errors will be ignored for this session
1591383829424	Marionette	INFO	Stopped listening on port 57609
1591383831827	mozrunner::runner	INFO	Running command: "/Applications/Firefox.app/Contents/MacOS/firefox-bin" "-marionette" "-foreground" "-no-remote" "-profile" "/var/folders/3q/8mphg76x6s53xbhn1r_rkn240000gn/T/rust_mozprofiletI24s2"
1591383834018	Marionette	INFO	Listening on port 57665
1591383834078	Marionette	WARN	TLS certificate errors will be ignored for this session
1591383834259	Marionette	INFO	Stopped listening on port 57665
1591398916008	mozrunner::runner	INFO	Running command: "/Applications/Firefox.app/Contents/MacOS/firefox-bin" "-marionette" "-foreground" "-no-remote" "-profile" "/var/folders/3q/8mphg76x6s53xbhn1r_rkn240000gn/T/rust_mozprofiles6P1v6"
1591398918204	Marionette	INFO	Listening on port 61070
1591398918256	Marionette	WARN	TLS certificate errors will be ignored for this session
1591398918512	Marionette	INFO	Stopped listening on port 61070
1591398984067	mozrunner::runner	INFO	Running command: "/Applications/Firefox.app/Contents/MacOS/firefox-bin" "-marionette" "-foreground" "-no-remote" "-profile" "/var/folders/3q/8mphg76x6s53xbhn1r_rkn240000gn/T/rust_mozprofile27XjcR"
1591398986331	Marionette	INFO	Listening on port 61155
1591398986611	Marionette	WARN	TLS certificate errors will be ignored for this session
1591398986788	Marionette	INFO	Stopped listening on port 61155
1591399394781	mozrunner::runner	INFO	Running command: "/Applications/Firefox.app/Contents/MacOS/firefox-bin" "-marionette" "-foreground" "-no-remote" "-profile" "/var/folders/3q/8mphg76x6s53xbhn1r_rkn240000gn/T/rust_mozprofileBBlm2w"
1591399396973	Marionette	INFO	Listening on port 61268
1591399397048	Marionette	WARN	TLS certificate errors will be ignored for this session
1591399397398	Marionette	INFO	Stopped listening on port 61268
1591401001370	mozrunner::runner	INFO	Running command: "/Applications/Firefox.app/Contents/MacOS/firefox-bin" "-marionette" "-foreground" "-no-remote" "-profile" "/var/folders/3q/8mphg76x6s53xbhn1r_rkn240000gn/T/rust_mozprofileCVsBaS"
1591401003605	Marionette	INFO	Listening on port 61577
1591401003617	Marionette	WARN	TLS certificate errors will be ignored for this session
JavaScript error: resource://gre/actors/AutoCompleteChild.jsm, line 196: Error: Invalid autocomplete selectedIndex
1591401005369	Marionette	INFO	Stopped listening on port 61577
1591401559728	mozrunner::runner	INFO	Running command: "/Applications/Firefox.app/Contents/MacOS/firefox-bin" "-marionette" "-foreground" "-no-remote" "-profile" "/var/folders/3q/8mphg76x6s53xbhn1r_rkn240000gn/T/rust_mozprofilePxRoV8"
1591401561974	Marionette	INFO	Listening on port 61715
1591401561992	Marionette	WARN	TLS certificate errors will be ignored for this session
JavaScript error: resource://gre/actors/AutoCompleteChild.jsm, line 196: Error: Invalid autocomplete selectedIndex
1591401564732	Marionette	INFO	Stopped listening on port 61715
1591401567087	mozrunner::runner	INFO	Running command: "/Applications/Firefox.app/Contents/MacOS/firefox-bin" "-marionette" "-foreground" "-no-remote" "-profile" "/var/folders/3q/8mphg76x6s53xbhn1r_rkn240000gn/T/rust_mozprofileHcFr7y"
1591401569285	Marionette	INFO	Listening on port 61769
1591401569329	Marionette	WARN	TLS certificate errors will be ignored for this session
JavaScript error: resource://gre/actors/AutoCompleteChild.jsm, line 196: Error: Invalid autocomplete selectedIndex
1591401570457	Marionette	INFO	Stopped listening on port 61769
1591401572833	mozrunner::runner	INFO	Running command: "/Applications/Firefox.app/Contents/MacOS/firefox-bin" "-marionette" "-foreground" "-no-remote" "-profile" "/var/folders/3q/8mphg76x6s53xbhn1r_rkn240000gn/T/rust_mozprofilewxqGZF"
1591401575035	Marionette	INFO	Listening on port 61825
1591401575074	Marionette	WARN	TLS certificate errors will be ignored for this session
JavaScript error: resource://gre/actors/AutoCompleteChild.jsm, line 196: Error: Invalid autocomplete selectedIndex
1591401576155	Marionette	INFO	Stopped listening on port 61825
1591402653057	mozrunner::runner	INFO	Running command: "/Applications/Firefox.app/Contents/MacOS/firefox-bin" "-marionette" "-foreground" "-no-remote" "-profile" "/var/folders/3q/8mphg76x6s53xbhn1r_rkn240000gn/T/rust_mozprofiled365wp"
1591402655234	Marionette	INFO	Listening on port 62151
1591402655289	Marionette	WARN	TLS certificate errors will be ignored for this session
1591402655650	Marionette	INFO	Stopped listening on port 62151
1591403425861	mozrunner::runner	INFO	Running command: "/Applications/Firefox.app/Contents/MacOS/firefox-bin" "-marionette" "-foreground" "-no-remote" "-profile" "/var/folders/3q/8mphg76x6s53xbhn1r_rkn240000gn/T/rust_mozprofileV2Dp1X"
1591403427965	Marionette	INFO	Listening on port 62331
1591403428098	Marionette	WARN	TLS certificate errors will be ignored for this session
1591403428825	Marionette	INFO	Stopped listening on port 62331
1591403448280	mozrunner::runner	INFO	Running command: "/Applications/Firefox.app/Contents/MacOS/firefox-bin" "-marionette" "-foreground" "-no-remote" "-profile" "/var/folders/3q/8mphg76x6s53xbhn1r_rkn240000gn/T/rust_mozprofileEw8lwx"
1591403450537	Marionette	INFO	Listening on port 62396
1591403450627	Marionette	WARN	TLS certificate errors will be ignored for this session
1591403451257	Marionette	INFO	Stopped listening on port 62396
1591404370791	mozrunner::runner	INFO	Running command: "/Applications/Firefox.app/Contents/MacOS/firefox-bin" "-marionette" "-foreground" "-no-remote" "-profile" "/var/folders/3q/8mphg76x6s53xbhn1r_rkn240000gn/T/rust_mozprofile5DHZU9"
1591404373707	Marionette	INFO	Listening on port 62777
1591404373730	Marionette	WARN	TLS certificate errors will be ignored for this session
JavaScript error: resource://gre/actors/AutoCompleteChild.jsm, line 196: Error: Invalid autocomplete selectedIndex
1591404376856	Marionette	INFO	Stopped listening on port 62777
1591404378378	mozrunner::runner	INFO	Running command: "/Applications/Firefox.app/Contents/MacOS/firefox-bin" "-marionette" "-foreground" "-no-remote" "-profile" "/var/folders/3q/8mphg76x6s53xbhn1r_rkn240000gn/T/rust_mozprofilewV5K2w"
1591404380868	Marionette	INFO	Listening on port 62840
1591404380881	Marionette	WARN	TLS certificate errors will be ignored for this session
JavaScript error: resource://gre/actors/AutoCompleteChild.jsm, line 196: Error: Invalid autocomplete selectedIndex
1591404382118	Marionette	INFO	Stopped listening on port 62840
1591404384483	mozrunner::runner	INFO	Running command: "/Applications/Firefox.app/Contents/MacOS/firefox-bin" "-marionette" "-foreground" "-no-remote" "-profile" "/var/folders/3q/8mphg76x6s53xbhn1r_rkn240000gn/T/rust_mozprofilekRpJPt"
1591404386728	Marionette	INFO	Listening on port 62898
1591404386740	Marionette	WARN	TLS certificate errors will be ignored for this session
JavaScript error: resource://gre/actors/AutoCompleteChild.jsm, line 196: Error: Invalid autocomplete selectedIndex
1591404387897	Marionette	INFO	Stopped listening on port 62898
1591471712022	mozrunner::runner	INFO	Running command: "/Applications/Firefox.app/Contents/MacOS/firefox-bin" "-marionette" "-foreground" "-no-remote" "-profile" "/var/folders/3q/8mphg76x6s53xbhn1r_rkn240000gn/T/rust_mozprofilegbCmBC"
1591471714780	Marionette	INFO	Listening on port 50710
1591471714841	Marionette	WARN	TLS certificate errors will be ignored for this session
JavaScript error: resource://gre/actors/AutoCompleteChild.jsm, line 196: Error: Invalid autocomplete selectedIndex
Exiting due to channel error.
[GFX1-]: Receive IPC close with reason=AbnormalShutdown
[GFX1-]: Receive IPC close with reason=AbnormalShutdown
Exiting due to channel error.
Exiting due to channel error.
1591471790419	mozrunner::runner	INFO	Running command: "/Applications/Firefox.app/Contents/MacOS/firefox-bin" "-marionette" "-foreground" "-no-remote" "-profile" "/var/folders/3q/8mphg76x6s53xbhn1r_rkn240000gn/T/rust_mozprofile0sKHZm"
1591471792392	Marionette	INFO	Listening on port 50797
1591471792544	Marionette	WARN	TLS certificate errors will be ignored for this session
JavaScript error: resource://gre/actors/AutoCompleteChild.jsm, line 196: Error: Invalid autocomplete selectedIndex
1591471795359	Marionette	INFO	Stopped listening on port 50797
1591471797720	mozrunner::runner	INFO	Running command: "/Applications/Firefox.app/Contents/MacOS/firefox-bin" "-marionette" "-foreground" "-no-remote" "-profile" "/var/folders/3q/8mphg76x6s53xbhn1r_rkn240000gn/T/rust_mozprofilepGlrcy"
1591471799941	Marionette	INFO	Listening on port 50846
1591471799971	Marionette	WARN	TLS certificate errors will be ignored for this session
JavaScript error: resource://gre/actors/AutoCompleteChild.jsm, line 196: Error: Invalid autocomplete selectedIndex
1591471801151	Marionette	INFO	Stopped listening on port 50846
1591471803522	mozrunner::runner	INFO	Running command: "/Applications/Firefox.app/Contents/MacOS/firefox-bin" "-marionette" "-foreground" "-no-remote" "-profile" "/var/folders/3q/8mphg76x6s53xbhn1r_rkn240000gn/T/rust_mozprofileGT8ku3"
1591471805501	Marionette	INFO	Listening on port 50902
1591471805557	Marionette	WARN	TLS certificate errors will be ignored for this session
JavaScript error: resource://gre/actors/AutoCompleteChild.jsm, line 196: Error: Invalid autocomplete selectedIndex
1591471806678	Marionette	INFO	Stopped listening on port 50902
1591471843463	mozrunner::runner	INFO	Running command: "/Applications/Firefox.app/Contents/MacOS/firefox-bin" "-marionette" "-foreground" "-no-remote" "-profile" "/var/folders/3q/8mphg76x6s53xbhn1r_rkn240000gn/T/rust_mozprofilejONjNd"
1591471845443	Marionette	INFO	Listening on port 50974
1591471845505	Marionette	WARN	TLS certificate errors will be ignored for this session
JavaScript error: resource://gre/actors/AutoCompleteChild.jsm, line 196: Error: Invalid autocomplete selectedIndex
1591471848336	Marionette	INFO	Stopped listening on port 50974
1591471849777	mozrunner::runner	INFO	Running command: "/Applications/Firefox.app/Contents/MacOS/firefox-bin" "-marionette" "-foreground" "-no-remote" "-profile" "/var/folders/3q/8mphg76x6s53xbhn1r_rkn240000gn/T/rust_mozprofileobRnGc"
1591471851780	Marionette	INFO	Listening on port 51025
1591471851821	Marionette	WARN	TLS certificate errors will be ignored for this session
JavaScript error: resource://gre/actors/AutoCompleteChild.jsm, line 196: Error: Invalid autocomplete selectedIndex
1591471853063	Marionette	INFO	Stopped listening on port 51025
1591471855418	mozrunner::runner	INFO	Running command: "/Applications/Firefox.app/Contents/MacOS/firefox-bin" "-marionette" "-foreground" "-no-remote" "-profile" "/var/folders/3q/8mphg76x6s53xbhn1r_rkn240000gn/T/rust_mozprofile3kdnx7"
1591471857513	Marionette	INFO	Listening on port 51075
1591471857570	Marionette	WARN	TLS certificate errors will be ignored for this session
JavaScript error: resource://gre/actors/AutoCompleteChild.jsm, line 196: Error: Invalid autocomplete selectedIndex
1591471858690	Marionette	INFO	Stopped listening on port 51075
1591472025823	mozrunner::runner	INFO	Running command: "/Applications/Firefox.app/Contents/MacOS/firefox-bin" "-marionette" "-foreground" "-no-remote" "-profile" "/var/folders/3q/8mphg76x6s53xbhn1r_rkn240000gn/T/rust_mozprofileLxA77i"
1591472027912	Marionette	INFO	Listening on port 51147
1591472027961	Marionette	WARN	TLS certificate errors will be ignored for this session
JavaScript error: resource://gre/actors/AutoCompleteChild.jsm, line 196: Error: Invalid autocomplete selectedIndex
1591472030691	Marionette	INFO	Stopped listening on port 51147
1591472032128	mozrunner::runner	INFO	Running command: "/Applications/Firefox.app/Contents/MacOS/firefox-bin" "-marionette" "-foreground" "-no-remote" "-profile" "/var/folders/3q/8mphg76x6s53xbhn1r_rkn240000gn/T/rust_mozprofileqm1TQ2"
1591472034131	Marionette	INFO	Listening on port 51200
1591472034169	Marionette	WARN	TLS certificate errors will be ignored for this session
1591472034649	Marionette	INFO	Stopped listening on port 51200
console.warn: services.settings: main/whats-new-panel sync interrupted by shutdown
1591472037055	mozrunner::runner	INFO	Running command: "/Applications/Firefox.app/Contents/MacOS/firefox-bin" "-marionette" "-foreground" "-no-remote" "-profile" "/var/folders/3q/8mphg76x6s53xbhn1r_rkn240000gn/T/rust_mozprofileRIBq5i"
1591472039565	Marionette	INFO	Listening on port 51249
1591472041726	Marionette	WARN	TLS certificate errors will be ignored for this session
Marionette threw an error: TypeError: this.curBrowser.contentBrowser is null
GeckoDriver.prototype.get@chrome://marionette/content/driver.js:1167:3

1591472042011	Marionette	INFO	Stopped listening on port 51249
1591472515799	mozrunner::runner	INFO	Running command: "/Applications/Firefox.app/Contents/MacOS/firefox-bin" "-marionette" "-foreground" "-no-remote" "-profile" "/var/folders/3q/8mphg76x6s53xbhn1r_rkn240000gn/T/rust_mozprofile62A1ra"
1591472517885	Marionette	INFO	Listening on port 51355
1591472517947	Marionette	WARN	TLS certificate errors will be ignored for this session
JavaScript error: resource://gre/actors/AutoCompleteChild.jsm, line 196: Error: Invalid autocomplete selectedIndex
1591472520572	Marionette	INFO	Stopped listening on port 51355
1591472522948	mozrunner::runner	INFO	Running command: "/Applications/Firefox.app/Contents/MacOS/firefox-bin" "-marionette" "-foreground" "-no-remote" "-profile" "/var/folders/3q/8mphg76x6s53xbhn1r_rkn240000gn/T/rust_mozprofiledRuOX4"
1591472524958	Marionette	INFO	Listening on port 51407
1591472524989	Marionette	WARN	TLS certificate errors will be ignored for this session
1591472525486	Marionette	INFO	Stopped listening on port 51407
1591472527883	mozrunner::runner	INFO	Running command: "/Applications/Firefox.app/Contents/MacOS/firefox-bin" "-marionette" "-foreground" "-no-remote" "-profile" "/var/folders/3q/8mphg76x6s53xbhn1r_rkn240000gn/T/rust_mozprofileZVhXRI"
1591472529881	Marionette	INFO	Listening on port 51458
1591472529919	Marionette	WARN	TLS certificate errors will be ignored for this session
JavaScript error: resource://gre/actors/AutoCompleteChild.jsm, line 196: Error: Invalid autocomplete selectedIndex
1591472530950	Marionette	INFO	Stopped listening on port 51458
1591472609941	mozrunner::runner	INFO	Running command: "/Applications/Firefox.app/Contents/MacOS/firefox-bin" "-marionette" "-foreground" "-no-remote" "-profile" "/var/folders/3q/8mphg76x6s53xbhn1r_rkn240000gn/T/rust_mozprofileRojHJX"
1591472612070	Marionette	INFO	Listening on port 51537
1591472612089	Marionette	WARN	TLS certificate errors will be ignored for this session
JavaScript error: resource://gre/actors/AutoCompleteChild.jsm, line 196: Error: Invalid autocomplete selectedIndex
1591472614793	Marionette	INFO	Stopped listening on port 51537
1591472617133	mozrunner::runner	INFO	Running command: "/Applications/Firefox.app/Contents/MacOS/firefox-bin" "-marionette" "-foreground" "-no-remote" "-profile" "/var/folders/3q/8mphg76x6s53xbhn1r_rkn240000gn/T/rust_mozprofileFcKoNH"
1591472619241	Marionette	INFO	Listening on port 51588
1591472619280	Marionette	WARN	TLS certificate errors will be ignored for this session
JavaScript error: resource://gre/actors/AutoCompleteChild.jsm, line 196: Error: Invalid autocomplete selectedIndex
1591472620492	Marionette	INFO	Stopped listening on port 51588
1591472622882	mozrunner::runner	INFO	Running command: "/Applications/Firefox.app/Contents/MacOS/firefox-bin" "-marionette" "-foreground" "-no-remote" "-profile" "/var/folders/3q/8mphg76x6s53xbhn1r_rkn240000gn/T/rust_mozprofileFUoefJ"
1591472624864	Marionette	INFO	Listening on port 51641
1591472624922	Marionette	WARN	TLS certificate errors will be ignored for this session
JavaScript error: resource://gre/actors/AutoCompleteChild.jsm, line 196: Error: Invalid autocomplete selectedIndex
1591472626076	Marionette	INFO	Stopped listening on port 51641
1591473246404	mozrunner::runner	INFO	Running command: "/Applications/Firefox.app/Contents/MacOS/firefox-bin" "-marionette" "-foreground" "-no-remote" "-profile" "/var/folders/3q/8mphg76x6s53xbhn1r_rkn240000gn/T/rust_mozprofiletmqsWa"
1591473248518	Marionette	INFO	Listening on port 51777
1591473248553	Marionette	WARN	TLS certificate errors will be ignored for this session
JavaScript error: resource://gre/actors/AutoCompleteChild.jsm, line 196: Error: Invalid autocomplete selectedIndex
1591473251295	Marionette	INFO	Stopped listening on port 51777
1591473253672	mozrunner::runner	INFO	Running command: "/Applications/Firefox.app/Contents/MacOS/firefox-bin" "-marionette" "-foreground" "-no-remote" "-profile" "/var/folders/3q/8mphg76x6s53xbhn1r_rkn240000gn/T/rust_mozprofilesCzat6"
1591473255794	Marionette	INFO	Listening on port 51829
1591473255818	Marionette	WARN	TLS certificate errors will be ignored for this session
JavaScript error: resource://gre/actors/AutoCompleteChild.jsm, line 196: Error: Invalid autocomplete selectedIndex
1591473257018	Marionette	INFO	Stopped listening on port 51829
1591473259396	mozrunner::runner	INFO	Running command: "/Applications/Firefox.app/Contents/MacOS/firefox-bin" "-marionette" "-foreground" "-no-remote" "-profile" "/var/folders/3q/8mphg76x6s53xbhn1r_rkn240000gn/T/rust_mozprofilePY8Iwt"
1591473261524	Marionette	INFO	Listening on port 51880
1591473261572	Marionette	WARN	TLS certificate errors will be ignored for this session
JavaScript error: resource://gre/actors/AutoCompleteChild.jsm, line 196: Error: Invalid autocomplete selectedIndex
1591473262697	Marionette	INFO	Stopped listening on port 51880
1591548668120	mozrunner::runner	INFO	Running command: "/Applications/Firefox.app/Contents/MacOS/firefox-bin" "-marionette" "-foreground" "-no-remote" "-profile" "/var/folders/3q/8mphg76x6s53xbhn1r_rkn240000gn/T/rust_mozprofilexAa3eM"
1591548670618	Marionette	INFO	Listening on port 64366
1591548670685	Marionette	WARN	TLS certificate errors will be ignored for this session
JavaScript error: resource://gre/actors/AutoCompleteChild.jsm, line 196: Error: Invalid autocomplete selectedIndex
1591548673629	Marionette	INFO	Stopped listening on port 64366
1591548675971	mozrunner::runner	INFO	Running command: "/Applications/Firefox.app/Contents/MacOS/firefox-bin" "-marionette" "-foreground" "-no-remote" "-profile" "/var/folders/3q/8mphg76x6s53xbhn1r_rkn240000gn/T/rust_mozprofileOJtrnS"
1591548678046	Marionette	INFO	Listening on port 64426
1591548678113	Marionette	WARN	TLS certificate errors will be ignored for this session
JavaScript error: resource://gre/actors/AutoCompleteChild.jsm, line 196: Error: Invalid autocomplete selectedIndex
1591548679321	Marionette	INFO	Stopped listening on port 64426
1591548681695	mozrunner::runner	INFO	Running command: "/Applications/Firefox.app/Contents/MacOS/firefox-bin" "-marionette" "-foreground" "-no-remote" "-profile" "/var/folders/3q/8mphg76x6s53xbhn1r_rkn240000gn/T/rust_mozprofile4cZ5z8"
1591548683921	Marionette	INFO	Listening on port 64482
1591548683957	Marionette	WARN	TLS certificate errors will be ignored for this session
JavaScript error: resource://gre/actors/AutoCompleteChild.jsm, line 196: Error: Invalid autocomplete selectedIndex
1591548685086	Marionette	INFO	Stopped listening on port 64482
1591549777714	mozrunner::runner	INFO	Running command: "/Applications/Firefox.app/Contents/MacOS/firefox-bin" "-marionette" "-foreground" "-no-remote" "-profile" "/var/folders/3q/8mphg76x6s53xbhn1r_rkn240000gn/T/rust_mozprofilekWszh4"
1591549779809	Marionette	INFO	Listening on port 65017
1591549779851	Marionette	WARN	TLS certificate errors will be ignored for this session
JavaScript error: resource://gre/actors/AutoCompleteChild.jsm, line 196: Error: Invalid autocomplete selectedIndex
1591549782294	Marionette	INFO	Stopped listening on port 65017
1591549784623	mozrunner::runner	INFO	Running command: "/Applications/Firefox.app/Contents/MacOS/firefox-bin" "-marionette" "-foreground" "-no-remote" "-profile" "/var/folders/3q/8mphg76x6s53xbhn1r_rkn240000gn/T/rust_mozprofile69sPcr"
1591549786718	Marionette	INFO	Listening on port 65070
1591549786765	Marionette	WARN	TLS certificate errors will be ignored for this session
JavaScript error: resource://gre/actors/AutoCompleteChild.jsm, line 196: Error: Invalid autocomplete selectedIndex
1591549787731	Marionette	INFO	Stopped listening on port 65070
1591549790081	mozrunner::runner	INFO	Running command: "/Applications/Firefox.app/Contents/MacOS/firefox-bin" "-marionette" "-foreground" "-no-remote" "-profile" "/var/folders/3q/8mphg76x6s53xbhn1r_rkn240000gn/T/rust_mozprofilekoz1Y4"
1591549792232	Marionette	INFO	Listening on port 65124
1591549792331	Marionette	WARN	TLS certificate errors will be ignored for this session
JavaScript error: resource://gre/actors/AutoCompleteChild.jsm, line 196: Error: Invalid autocomplete selectedIndex
1591549793211	Marionette	INFO	Stopped listening on port 65124
1591553818177	mozrunner::runner	INFO	Running command: "/Applications/Firefox.app/Contents/MacOS/firefox-bin" "-marionette" "-foreground" "-no-remote" "-profile" "/var/folders/3q/8mphg76x6s53xbhn1r_rkn240000gn/T/rust_mozprofilei15ZoG"
1591553820357	Marionette	INFO	Listening on port 49850
1591553820426	Marionette	WARN	TLS certificate errors will be ignored for this session
JavaScript error: resource://gre/actors/AutoCompleteChild.jsm, line 196: Error: Invalid autocomplete selectedIndex
1591553823052	Marionette	INFO	Stopped listening on port 49850
1591553825406	mozrunner::runner	INFO	Running command: "/Applications/Firefox.app/Contents/MacOS/firefox-bin" "-marionette" "-foreground" "-no-remote" "-profile" "/var/folders/3q/8mphg76x6s53xbhn1r_rkn240000gn/T/rust_mozprofilelQk1ej"
1591553827565	Marionette	INFO	Listening on port 49908
1591553827656	Marionette	WARN	TLS certificate errors will be ignored for this session
JavaScript error: resource://gre/actors/AutoCompleteChild.jsm, line 196: Error: Invalid autocomplete selectedIndex
1591553828634	Marionette	INFO	Stopped listening on port 49908
1591553831013	mozrunner::runner	INFO	Running command: "/Applications/Firefox.app/Contents/MacOS/firefox-bin" "-marionette" "-foreground" "-no-remote" "-profile" "/var/folders/3q/8mphg76x6s53xbhn1r_rkn240000gn/T/rust_mozprofilee04t3a"
1591553833042	Marionette	INFO	Listening on port 49962
1591553833063	Marionette	WARN	TLS certificate errors will be ignored for this session
JavaScript error: resource://gre/actors/AutoCompleteChild.jsm, line 196: Error: Invalid autocomplete selectedIndex
1591553833972	Marionette	INFO	Stopped listening on port 49962
1591554129351	mozrunner::runner	INFO	Running command: "/Applications/Firefox.app/Contents/MacOS/firefox-bin" "-marionette" "-foreground" "-no-remote" "-profile" "/var/folders/3q/8mphg76x6s53xbhn1r_rkn240000gn/T/rust_mozprofileGqeuB9"
1591554131525	Marionette	INFO	Listening on port 50052
1591554131598	Marionette	WARN	TLS certificate errors will be ignored for this session
JavaScript error: resource://gre/actors/AutoCompleteChild.jsm, line 196: Error: Invalid autocomplete selectedIndex
1591554134127	Marionette	INFO	Stopped listening on port 50052
1591554137506	mozrunner::runner	INFO	Running command: "/Applications/Firefox.app/Contents/MacOS/firefox-bin" "-marionette" "-foreground" "-no-remote" "-profile" "/var/folders/3q/8mphg76x6s53xbhn1r_rkn240000gn/T/rust_mozprofileWHW2AM"
1591554139653	Marionette	INFO	Listening on port 50108
1591554139738	Marionette	WARN	TLS certificate errors will be ignored for this session
JavaScript error: resource://gre/actors/AutoCompleteChild.jsm, line 196: Error: Invalid autocomplete selectedIndex
1591554140716	Marionette	INFO	Stopped listening on port 50108
1591554142253	mozrunner::runner	INFO	Running command: "/Applications/Firefox.app/Contents/MacOS/firefox-bin" "-marionette" "-foreground" "-no-remote" "-profile" "/var/folders/3q/8mphg76x6s53xbhn1r_rkn240000gn/T/rust_mozprofileLAimcM"
1591554144420	Marionette	INFO	Listening on port 50160
1591554144512	Marionette	WARN	TLS certificate errors will be ignored for this session
JavaScript error: resource://gre/actors/AutoCompleteChild.jsm, line 196: Error: Invalid autocomplete selectedIndex
1591554145414	Marionette	INFO	Stopped listening on port 50160
1591554182198	mozrunner::runner	INFO	Running command: "/Applications/Firefox.app/Contents/MacOS/firefox-bin" "-marionette" "-foreground" "-no-remote" "-profile" "/var/folders/3q/8mphg76x6s53xbhn1r_rkn240000gn/T/rust_mozprofile5pKkT7"
1591554184404	Marionette	INFO	Listening on port 50265
1591554184444	Marionette	WARN	TLS certificate errors will be ignored for this session
1591554184671	Marionette	INFO	Stopped listening on port 50265
1591554186108	mozrunner::runner	INFO	Running command: "/Applications/Firefox.app/Contents/MacOS/firefox-bin" "-marionette" "-foreground" "-no-remote" "-profile" "/var/folders/3q/8mphg76x6s53xbhn1r_rkn240000gn/T/rust_mozprofile4IosZh"
1591554188198	Marionette	INFO	Listening on port 50316
1591554188249	Marionette	WARN	TLS certificate errors will be ignored for this session
1591554188579	Marionette	INFO	Stopped listening on port 50316
1591554190954	mozrunner::runner	INFO	Running command: "/Applications/Firefox.app/Contents/MacOS/firefox-bin" "-marionette" "-foreground" "-no-remote" "-profile" "/var/folders/3q/8mphg76x6s53xbhn1r_rkn240000gn/T/rust_mozprofileNZavhR"
1591554193200	Marionette	INFO	Listening on port 50367
1591554193212	Marionette	WARN	TLS certificate errors will be ignored for this session
1591554193521	Marionette	INFO	Stopped listening on port 50367
1591554275071	mozrunner::runner	INFO	Running command: "/Applications/Firefox.app/Contents/MacOS/firefox-bin" "-marionette" "-foreground" "-no-remote" "-profile" "/var/folders/3q/8mphg76x6s53xbhn1r_rkn240000gn/T/rust_mozprofilezvMRRO"
1591554277237	Marionette	INFO	Listening on port 50427
1591554277312	Marionette	WARN	TLS certificate errors will be ignored for this session
JavaScript error: resource://gre/actors/AutoCompleteChild.jsm, line 196: Error: Invalid autocomplete selectedIndex
1591554280019	Marionette	INFO	Stopped listening on port 50427
1591554282397	mozrunner::runner	INFO	Running command: "/Applications/Firefox.app/Contents/MacOS/firefox-bin" "-marionette" "-foreground" "-no-remote" "-profile" "/var/folders/3q/8mphg76x6s53xbhn1r_rkn240000gn/T/rust_mozprofileHMbL12"
1591554284592	Marionette	INFO	Listening on port 50480
1591554284629	Marionette	WARN	TLS certificate errors will be ignored for this session
JavaScript error: resource://gre/actors/AutoCompleteChild.jsm, line 196: Error: Invalid autocomplete selectedIndex
1591554285798	Marionette	INFO	Stopped listening on port 50480
1591554288143	mozrunner::runner	INFO	Running command: "/Applications/Firefox.app/Contents/MacOS/firefox-bin" "-marionette" "-foreground" "-no-remote" "-profile" "/var/folders/3q/8mphg76x6s53xbhn1r_rkn240000gn/T/rust_mozprofileCHHd7K"
1591554290334	Marionette	INFO	Listening on port 50536
1591554290388	Marionette	WARN	TLS certificate errors will be ignored for this session
JavaScript error: resource://gre/actors/AutoCompleteChild.jsm, line 196: Error: Invalid autocomplete selectedIndex
1591554291589	Marionette	INFO	Stopped listening on port 50536
1591554504036	mozrunner::runner	INFO	Running command: "/Applications/Firefox.app/Contents/MacOS/firefox-bin" "-marionette" "-foreground" "-no-remote" "-profile" "/var/folders/3q/8mphg76x6s53xbhn1r_rkn240000gn/T/rust_mozprofilevm0TQG"
1591554506103	Marionette	INFO	Listening on port 50627
1591554506272	Marionette	WARN	TLS certificate errors will be ignored for this session
JavaScript error: resource://gre/actors/AutoCompleteChild.jsm, line 196: Error: Invalid autocomplete selectedIndex
1591554508971	Marionette	INFO	Stopped listening on port 50627
1591554511347	mozrunner::runner	INFO	Running command: "/Applications/Firefox.app/Contents/MacOS/firefox-bin" "-marionette" "-foreground" "-no-remote" "-profile" "/var/folders/3q/8mphg76x6s53xbhn1r_rkn240000gn/T/rust_mozprofiley94hBy"
1591554513499	Marionette	INFO	Listening on port 50680
1591554513599	Marionette	WARN	TLS certificate errors will be ignored for this session
JavaScript error: resource://gre/actors/AutoCompleteChild.jsm, line 196: Error: Invalid autocomplete selectedIndex
1591554514755	Marionette	INFO	Stopped listening on port 50680
1591554517110	mozrunner::runner	INFO	Running command: "/Applications/Firefox.app/Contents/MacOS/firefox-bin" "-marionette" "-foreground" "-no-remote" "-profile" "/var/folders/3q/8mphg76x6s53xbhn1r_rkn240000gn/T/rust_mozprofileG80hmu"
1591554519157	Marionette	INFO	Listening on port 50731
1591554519257	Marionette	WARN	TLS certificate errors will be ignored for this session
JavaScript error: resource://gre/actors/AutoCompleteChild.jsm, line 196: Error: Invalid autocomplete selectedIndex
1591554520395	Marionette	INFO	Stopped listening on port 50731
1591554924680	mozrunner::runner	INFO	Running command: "/Applications/Firefox.app/Contents/MacOS/firefox-bin" "-marionette" "-foreground" "-no-remote" "-profile" "/var/folders/3q/8mphg76x6s53xbhn1r_rkn240000gn/T/rust_mozprofile0DpXdP"
1591554926841	Marionette	INFO	Listening on port 50853
1591554926925	Marionette	WARN	TLS certificate errors will be ignored for this session
JavaScript error: resource://gre/actors/AutoCompleteChild.jsm, line 196: Error: Invalid autocomplete selectedIndex
1591554929634	Marionette	INFO	Stopped listening on port 50853
1591554932003	mozrunner::runner	INFO	Running command: "/Applications/Firefox.app/Contents/MacOS/firefox-bin" "-marionette" "-foreground" "-no-remote" "-profile" "/var/folders/3q/8mphg76x6s53xbhn1r_rkn240000gn/T/rust_mozprofileynfdZi"
1591554934223	Marionette	INFO	Listening on port 50907
1591554934259	Marionette	WARN	TLS certificate errors will be ignored for this session
JavaScript error: resource://gre/actors/AutoCompleteChild.jsm, line 196: Error: Invalid autocomplete selectedIndex
1591554935445	Marionette	INFO	Stopped listening on port 50907
1591554937814	mozrunner::runner	INFO	Running command: "/Applications/Firefox.app/Contents/MacOS/firefox-bin" "-marionette" "-foreground" "-no-remote" "-profile" "/var/folders/3q/8mphg76x6s53xbhn1r_rkn240000gn/T/rust_mozprofileEM5RpF"
1591554939951	Marionette	INFO	Listening on port 50961
1591554939969	Marionette	WARN	TLS certificate errors will be ignored for this session
JavaScript error: resource://gre/actors/AutoCompleteChild.jsm, line 196: Error: Invalid autocomplete selectedIndex
1591554941102	Marionette	INFO	Stopped listening on port 50961
1591634907048	mozrunner::runner	INFO	Running command: "/Applications/Firefox.app/Contents/MacOS/firefox-bin" "-marionette" "-foreground" "-no-remote" "-profile" "/var/folders/3q/8mphg76x6s53xbhn1r_rkn240000gn/T/rust_mozprofileB8xqtM"
1591634909463	Marionette	INFO	Listening on port 64980
1591634909537	Marionette	WARN	TLS certificate errors will be ignored for this session
JavaScript error: resource://gre/actors/AutoCompleteChild.jsm, line 196: Error: Invalid autocomplete selectedIndex
1591634912590	Marionette	INFO	Stopped listening on port 64980
1591634914936	mozrunner::runner	INFO	Running command: "/Applications/Firefox.app/Contents/MacOS/firefox-bin" "-marionette" "-foreground" "-no-remote" "-profile" "/var/folders/3q/8mphg76x6s53xbhn1r_rkn240000gn/T/rust_mozprofileFBcVtT"
1591634917668	Marionette	INFO	Listening on port 65034
1591634917688	Marionette	WARN	TLS certificate errors will be ignored for this session
JavaScript error: resource://gre/actors/AutoCompleteChild.jsm, line 196: Error: Invalid autocomplete selectedIndex
1591634919218	Marionette	INFO	Stopped listening on port 65034
1591634921593	mozrunner::runner	INFO	Running command: "/Applications/Firefox.app/Contents/MacOS/firefox-bin" "-marionette" "-foreground" "-no-remote" "-profile" "/var/folders/3q/8mphg76x6s53xbhn1r_rkn240000gn/T/rust_mozprofile33Qn7K"
1591634923719	Marionette	INFO	Listening on port 65090
1591634923743	Marionette	WARN	TLS certificate errors will be ignored for this session
JavaScript error: resource://gre/actors/AutoCompleteChild.jsm, line 196: Error: Invalid autocomplete selectedIndex
1591634925328	Marionette	INFO	Stopped listening on port 65090
1591638237156	mozrunner::runner	INFO	Running command: "/Applications/Firefox.app/Contents/MacOS/firefox-bin" "-marionette" "-foreground" "-no-remote" "-profile" "/var/folders/3q/8mphg76x6s53xbhn1r_rkn240000gn/T/rust_mozprofilec6PKcv"
1591638239610	Marionette	INFO	Listening on port 49606
1591638239629	Marionette	WARN	TLS certificate errors will be ignored for this session
JavaScript error: resource://gre/actors/AutoCompleteChild.jsm, line 196: Error: Invalid autocomplete selectedIndex
1591638242167	Marionette	INFO	Stopped listening on port 49606
1591638245553	mozrunner::runner	INFO	Running command: "/Applications/Firefox.app/Contents/MacOS/firefox-bin" "-marionette" "-foreground" "-no-remote" "-profile" "/var/folders/3q/8mphg76x6s53xbhn1r_rkn240000gn/T/rust_mozprofileGGXmyN"
1591638247644	Marionette	INFO	Listening on port 49665
1591638247703	Marionette	WARN	TLS certificate errors will be ignored for this session
JavaScript error: resource://gre/actors/AutoCompleteChild.jsm, line 196: Error: Invalid autocomplete selectedIndex
1591638248653	Marionette	INFO	Stopped listening on port 49665
1591638251019	mozrunner::runner	INFO	Running command: "/Applications/Firefox.app/Contents/MacOS/firefox-bin" "-marionette" "-foreground" "-no-remote" "-profile" "/var/folders/3q/8mphg76x6s53xbhn1r_rkn240000gn/T/rust_mozprofileAC6wzm"
1591638253150	Marionette	INFO	Listening on port 49714
1591638253164	Marionette	WARN	TLS certificate errors will be ignored for this session
JavaScript error: resource://gre/actors/AutoCompleteChild.jsm, line 196: Error: Invalid autocomplete selectedIndex
1591638254091	Marionette	INFO	Stopped listening on port 49714
1591643380554	mozrunner::runner	INFO	Running command: "/Applications/Firefox.app/Contents/MacOS/firefox-bin" "-marionette" "-foreground" "-no-remote" "-profile" "/var/folders/3q/8mphg76x6s53xbhn1r_rkn240000gn/T/rust_mozprofile2HlpIg"
1591643383048	Marionette	INFO	Listening on port 50558
1591643383114	Marionette	WARN	TLS certificate errors will be ignored for this session
JavaScript error: resource://gre/actors/AutoCompleteChild.jsm, line 196: Error: Invalid autocomplete selectedIndex
1591643384208	Marionette	INFO	Stopped listening on port 50558
1591643385787	mozrunner::runner	INFO	Running command: "/Applications/Firefox.app/Contents/MacOS/firefox-bin" "-marionette" "-foreground" "-no-remote" "-profile" "/var/folders/3q/8mphg76x6s53xbhn1r_rkn240000gn/T/rust_mozprofilekePzXp"
1591643387863	Marionette	INFO	Listening on port 50620
1591643387928	Marionette	WARN	TLS certificate errors will be ignored for this session
JavaScript error: resource://gre/actors/AutoCompleteChild.jsm, line 196: Error: Invalid autocomplete selectedIndex
1591643390425	Marionette	INFO	Stopped listening on port 50620
1591643392786	mozrunner::runner	INFO	Running command: "/Applications/Firefox.app/Contents/MacOS/firefox-bin" "-marionette" "-foreground" "-no-remote" "-profile" "/var/folders/3q/8mphg76x6s53xbhn1r_rkn240000gn/T/rust_mozprofilewkFlDZ"
1591643394951	Marionette	INFO	Listening on port 50673
1591643395030	Marionette	WARN	TLS certificate errors will be ignored for this session
JavaScript error: resource://gre/actors/AutoCompleteChild.jsm, line 196: Error: Invalid autocomplete selectedIndex
1591643395887	Marionette	INFO	Stopped listening on port 50673
1591644298622	mozrunner::runner	INFO	Running command: "/Applications/Firefox.app/Contents/MacOS/firefox-bin" "-marionette" "-foreground" "-no-remote" "-profile" "/var/folders/3q/8mphg76x6s53xbhn1r_rkn240000gn/T/rust_mozprofileu4Ys9P"
1591644301088	Marionette	INFO	Listening on port 50903
1591644301174	Marionette	WARN	TLS certificate errors will be ignored for this session
JavaScript error: resource://gre/actors/AutoCompleteChild.jsm, line 196: Error: Invalid autocomplete selectedIndex
1591644303680	Marionette	INFO	Stopped listening on port 50903
1591644306056	mozrunner::runner	INFO	Running command: "/Applications/Firefox.app/Contents/MacOS/firefox-bin" "-marionette" "-foreground" "-no-remote" "-profile" "/var/folders/3q/8mphg76x6s53xbhn1r_rkn240000gn/T/rust_mozprofilek6Wtbe"
1591644308222	Marionette	INFO	Listening on port 50962
1591644308319	Marionette	WARN	TLS certificate errors will be ignored for this session
JavaScript error: resource://gre/actors/AutoCompleteChild.jsm, line 196: Error: Invalid autocomplete selectedIndex
1591644309206	Marionette	INFO	Stopped listening on port 50962
console.warn: services.settings: main/whats-new-panel sync interrupted by shutdown
1591644314421	mozrunner::runner	INFO	Running command: "/Applications/Firefox.app/Contents/MacOS/firefox-bin" "-marionette" "-foreground" "-no-remote" "-profile" "/var/folders/3q/8mphg76x6s53xbhn1r_rkn240000gn/T/rust_mozprofilerxDf2A"
1591644316595	Marionette	INFO	Listening on port 51033
1591644316662	Marionette	WARN	TLS certificate errors will be ignored for this session
JavaScript error: resource://gre/actors/AutoCompleteChild.jsm, line 196: Error: Invalid autocomplete selectedIndex
1591644317589	Marionette	INFO	Stopped listening on port 51033
1591644376031	mozrunner::runner	INFO	Running command: "/Applications/Firefox.app/Contents/MacOS/firefox-bin" "-marionette" "-foreground" "-no-remote" "-profile" "/var/folders/3q/8mphg76x6s53xbhn1r_rkn240000gn/T/rust_mozprofile0f6vmB"
1591644378347	Marionette	INFO	Listening on port 51091
1591644378393	Marionette	WARN	TLS certificate errors will be ignored for this session
JavaScript error: resource://gre/actors/AutoCompleteChild.jsm, line 196: Error: Invalid autocomplete selectedIndex
1591644379361	Marionette	INFO	Stopped listening on port 51091
1591646245671	mozrunner::runner	INFO	Running command: "/Applications/Firefox.app/Contents/MacOS/firefox-bin" "-marionette" "-foreground" "-no-remote" "-profile" "/var/folders/3q/8mphg76x6s53xbhn1r_rkn240000gn/T/rust_mozprofile8La9jP"
1591646248118	Marionette	INFO	Listening on port 51548
1591646248134	Marionette	WARN	TLS certificate errors will be ignored for this session
JavaScript error: resource://gre/actors/AutoCompleteChild.jsm, line 196: Error: Invalid autocomplete selectedIndex
1591646248616	Marionette	INFO	Stopped listening on port 51548
1591646306935	mozrunner::runner	INFO	Running command: "/Applications/Firefox.app/Contents/MacOS/firefox-bin" "-marionette" "-foreground" "-no-remote" "-profile" "/var/folders/3q/8mphg76x6s53xbhn1r_rkn240000gn/T/rust_mozprofilehJdDDS"
1591646309161	Marionette	INFO	Listening on port 51614
1591646309199	Marionette	WARN	TLS certificate errors will be ignored for this session
JavaScript error: resource://gre/actors/AutoCompleteChild.jsm, line 196: Error: Invalid autocomplete selectedIndex
1591646310190	Marionette	INFO	Stopped listening on port 51614
1591646630756	mozrunner::runner	INFO	Running command: "/Applications/Firefox.app/Contents/MacOS/firefox-bin" "-marionette" "-foreground" "-no-remote" "-profile" "/var/folders/3q/8mphg76x6s53xbhn1r_rkn240000gn/T/rust_mozprofilepamotx"
1591646632998	Marionette	INFO	Listening on port 51698
1591646633025	Marionette	WARN	TLS certificate errors will be ignored for this session
JavaScript error: resource://gre/actors/AutoCompleteChild.jsm, line 196: Error: Invalid autocomplete selectedIndex
1591646643549	Marionette	INFO	Stopped listening on port 51698
1591647097180	mozrunner::runner	INFO	Running command: "/Applications/Firefox.app/Contents/MacOS/firefox-bin" "-marionette" "-foreground" "-no-remote" "-profile" "/var/folders/3q/8mphg76x6s53xbhn1r_rkn240000gn/T/rust_mozprofilem4JtZ7"
1591647099440	Marionette	INFO	Listening on port 52006
1591647099454	Marionette	WARN	TLS certificate errors will be ignored for this session
JavaScript error: resource://gre/actors/AutoCompleteChild.jsm, line 196: Error: Invalid autocomplete selectedIndex
1591647109969	Marionette	INFO	Stopped listening on port 52006
1591660977328	mozrunner::runner	INFO	Running command: "/Applications/Firefox.app/Contents/MacOS/firefox-bin" "-marionette" "-foreground" "-no-remote" "-profile" "/var/folders/3q/8mphg76x6s53xbhn1r_rkn240000gn/T/rust_mozprofile8dGELJ"
1591660979993	Marionette	INFO	Listening on port 54166
1591660980073	Marionette	WARN	TLS certificate errors will be ignored for this session
JavaScript error: resource://gre/actors/AutoCompleteChild.jsm, line 196: Error: Invalid autocomplete selectedIndex
1591660990556	Marionette	INFO	Stopped listening on port 54166
1591661030035	mozrunner::runner	INFO	Running command: "/Applications/Firefox.app/Contents/MacOS/firefox-bin" "-marionette" "-foreground" "-no-remote" "-profile" "/var/folders/3q/8mphg76x6s53xbhn1r_rkn240000gn/T/rust_mozprofileiPDIqa"
1591661032256	Marionette	INFO	Listening on port 54237
1591661032284	Marionette	WARN	TLS certificate errors will be ignored for this session
JavaScript error: resource://gre/actors/AutoCompleteChild.jsm, line 196: Error: Invalid autocomplete selectedIndex
1591661033248	Marionette	INFO	Stopped listening on port 54237
1591661035979	mozrunner::runner	INFO	Running command: "/Applications/Firefox.app/Contents/MacOS/firefox-bin" "-marionette" "-foreground" "-no-remote" "-profile" "/var/folders/3q/8mphg76x6s53xbhn1r_rkn240000gn/T/rust_mozprofile2w94yt"
1591661038434	Marionette	INFO	Listening on port 54286
1591661038519	Marionette	WARN	TLS certificate errors will be ignored for this session
JavaScript error: resource://gre/actors/AutoCompleteChild.jsm, line 196: Error: Invalid autocomplete selectedIndex
1591661048991	Marionette	INFO	Stopped listening on port 54286
1591661051717	mozrunner::runner	INFO	Running command: "/Applications/Firefox.app/Contents/MacOS/firefox-bin" "-marionette" "-foreground" "-no-remote" "-profile" "/var/folders/3q/8mphg76x6s53xbhn1r_rkn240000gn/T/rust_mozprofile2wD4vv"
1591661053923	Marionette	INFO	Listening on port 54346
1591661053986	Marionette	WARN	TLS certificate errors will be ignored for this session
JavaScript error: resource://gre/actors/AutoCompleteChild.jsm, line 196: Error: Invalid autocomplete selectedIndex
1591661056451	Marionette	INFO	Stopped listening on port 54346
1591661058823	mozrunner::runner	INFO	Running command: "/Applications/Firefox.app/Contents/MacOS/firefox-bin" "-marionette" "-foreground" "-no-remote" "-profile" "/var/folders/3q/8mphg76x6s53xbhn1r_rkn240000gn/T/rust_mozprofile7rDMRi"
1591661061224	Marionette	INFO	Listening on port 54396
1591661061270	Marionette	WARN	TLS certificate errors will be ignored for this session
JavaScript error: resource://gre/actors/AutoCompleteChild.jsm, line 196: Error: Invalid autocomplete selectedIndex
1591661062177	Marionette	INFO	Stopped listening on port 54396
1591705151096	mozrunner::runner	INFO	Running command: "/Applications/Firefox.app/Contents/MacOS/firefox-bin" "-marionette" "-foreground" "-no-remote" "-profile" "/var/folders/3q/8mphg76x6s53xbhn1r_rkn240000gn/T/rust_mozprofile61QCrf"
1591705153693	Marionette	INFO	Listening on port 61760
1591705153750	Marionette	WARN	TLS certificate errors will be ignored for this session
JavaScript error: resource://gre/actors/AutoCompleteChild.jsm, line 196: Error: Invalid autocomplete selectedIndex
1591705164436	Marionette	INFO	Stopped listening on port 61760
1591706904272	mozrunner::runner	INFO	Running command: "/Applications/Firefox.app/Contents/MacOS/firefox-bin" "-marionette" "-foreground" "-no-remote" "-profile" "/var/folders/3q/8mphg76x6s53xbhn1r_rkn240000gn/T/rust_mozprofile9V1kKG"
1591706906564	Marionette	INFO	Listening on port 62071
1591706906625	Marionette	WARN	TLS certificate errors will be ignored for this session
JavaScript error: resource://gre/actors/AutoCompleteChild.jsm, line 196: Error: Invalid autocomplete selectedIndex
1591706917156	Marionette	INFO	Stopped listening on port 62071
1591707411375	mozrunner::runner	INFO	Running command: "/Applications/Firefox.app/Contents/MacOS/firefox-bin" "-marionette" "-foreground" "-no-remote" "-profile" "/var/folders/3q/8mphg76x6s53xbhn1r_rkn240000gn/T/rust_mozprofilewRtOT6"
1591707413604	Marionette	INFO	Listening on port 62245
1591707413624	Marionette	WARN	TLS certificate errors will be ignored for this session
JavaScript error: resource://gre/actors/AutoCompleteChild.jsm, line 196: Error: Invalid autocomplete selectedIndex
1591707414690	Marionette	INFO	Stopped listening on port 62245
1591707417349	mozrunner::runner	INFO	Running command: "/Applications/Firefox.app/Contents/MacOS/firefox-bin" "-marionette" "-foreground" "-no-remote" "-profile" "/var/folders/3q/8mphg76x6s53xbhn1r_rkn240000gn/T/rust_mozprofilefHeJv4"
1591707419608	Marionette	INFO	Listening on port 62298
1591707419704	Marionette	WARN	TLS certificate errors will be ignored for this session
JavaScript error: resource://gre/actors/AutoCompleteChild.jsm, line 196: Error: Invalid autocomplete selectedIndex
1591707430308	Marionette	INFO	Stopped listening on port 62298
1591707459260	mozrunner::runner	INFO	Running command: "/Applications/Firefox.app/Contents/MacOS/firefox-bin" "-marionette" "-foreground" "-no-remote" "-profile" "/var/folders/3q/8mphg76x6s53xbhn1r_rkn240000gn/T/rust_mozprofileg0yc7U"
1591707461550	Marionette	INFO	Listening on port 62365
1591707461617	Marionette	WARN	TLS certificate errors will be ignored for this session
JavaScript error: resource://gre/actors/AutoCompleteChild.jsm, line 196: Error: Invalid autocomplete selectedIndex
1591707462600	Marionette	INFO	Stopped listening on port 62365
1591707465319	mozrunner::runner	INFO	Running command: "/Applications/Firefox.app/Contents/MacOS/firefox-bin" "-marionette" "-foreground" "-no-remote" "-profile" "/var/folders/3q/8mphg76x6s53xbhn1r_rkn240000gn/T/rust_mozprofileR6g6zN"
1591707467591	Marionette	INFO	Listening on port 62423
1591707467647	Marionette	WARN	TLS certificate errors will be ignored for this session
JavaScript error: resource://gre/actors/AutoCompleteChild.jsm, line 196: Error: Invalid autocomplete selectedIndex
1591707478148	Marionette	INFO	Stopped listening on port 62423
1591707480895	mozrunner::runner	INFO	Running command: "/Applications/Firefox.app/Contents/MacOS/firefox-bin" "-marionette" "-foreground" "-no-remote" "-profile" "/var/folders/3q/8mphg76x6s53xbhn1r_rkn240000gn/T/rust_mozprofile8G6Kje"
1591707483131	Marionette	INFO	Listening on port 62478
1591707483143	Marionette	WARN	TLS certificate errors will be ignored for this session
JavaScript error: resource://gre/actors/AutoCompleteChild.jsm, line 196: Error: Invalid autocomplete selectedIndex
1591707496003	Marionette	INFO	Stopped listening on port 62478
1591707498346	mozrunner::runner	INFO	Running command: "/Applications/Firefox.app/Contents/MacOS/firefox-bin" "-marionette" "-foreground" "-no-remote" "-profile" "/var/folders/3q/8mphg76x6s53xbhn1r_rkn240000gn/T/rust_mozprofileKgHE2x"
1591707500499	Marionette	INFO	Listening on port 62533
1591707500589	Marionette	WARN	TLS certificate errors will be ignored for this session
JavaScript error: resource://gre/actors/AutoCompleteChild.jsm, line 196: Error: Invalid autocomplete selectedIndex
1591707501471	Marionette	INFO	Stopped listening on port 62533
1591709130266	mozrunner::runner	INFO	Running command: "/Applications/Firefox.app/Contents/MacOS/firefox-bin" "-marionette" "-foreground" "-no-remote" "-profile" "/var/folders/3q/8mphg76x6s53xbhn1r_rkn240000gn/T/rust_mozprofile9MDtnK"
1591709132469	Marionette	INFO	Listening on port 62819
1591709132513	Marionette	WARN	TLS certificate errors will be ignored for this session
JavaScript error: resource://gre/actors/AutoCompleteChild.jsm, line 196: Error: Invalid autocomplete selectedIndex
1591709133508	Marionette	INFO	Stopped listening on port 62819
1591709136220	mozrunner::runner	INFO	Running command: "/Applications/Firefox.app/Contents/MacOS/firefox-bin" "-marionette" "-foreground" "-no-remote" "-profile" "/var/folders/3q/8mphg76x6s53xbhn1r_rkn240000gn/T/rust_mozprofileS2lmhR"
1591709138520	Marionette	INFO	Listening on port 62878
1591709138556	Marionette	WARN	TLS certificate errors will be ignored for this session
JavaScript error: resource://gre/actors/AutoCompleteChild.jsm, line 196: Error: Invalid autocomplete selectedIndex
1591709149038	Marionette	INFO	Stopped listening on port 62878
1591709151778	mozrunner::runner	INFO	Running command: "/Applications/Firefox.app/Contents/MacOS/firefox-bin" "-marionette" "-foreground" "-no-remote" "-profile" "/var/folders/3q/8mphg76x6s53xbhn1r_rkn240000gn/T/rust_mozprofile51fS4x"
1591709154127	Marionette	INFO	Listening on port 62935
1591709154221	Marionette	WARN	TLS certificate errors will be ignored for this session
JavaScript error: resource://gre/actors/AutoCompleteChild.jsm, line 196: Error: Invalid autocomplete selectedIndex
1591709156696	Marionette	INFO	Stopped listening on port 62935
1591709159068	mozrunner::runner	INFO	Running command: "/Applications/Firefox.app/Contents/MacOS/firefox-bin" "-marionette" "-foreground" "-no-remote" "-profile" "/var/folders/3q/8mphg76x6s53xbhn1r_rkn240000gn/T/rust_mozprofileg8HNdW"
1591709161231	Marionette	INFO	Listening on port 62990
1591709161316	Marionette	WARN	TLS certificate errors will be ignored for this session
JavaScript error: resource://gre/actors/AutoCompleteChild.jsm, line 196: Error: Invalid autocomplete selectedIndex
1591709162247	Marionette	INFO	Stopped listening on port 62990
1591714540370	mozrunner::runner	INFO	Running command: "/Applications/Firefox.app/Contents/MacOS/firefox-bin" "-marionette" "-foreground" "-no-remote" "-profile" "/var/folders/3q/8mphg76x6s53xbhn1r_rkn240000gn/T/rust_mozprofileamxXGz"
1591714542782	Marionette	INFO	Listening on port 64132
1591714542828	Marionette	WARN	TLS certificate errors will be ignored for this session
JavaScript error: resource://gre/actors/AutoCompleteChild.jsm, line 196: Error: Invalid autocomplete selectedIndex
1591714543892	Marionette	INFO	Stopped listening on port 64132
1591714546542	mozrunner::runner	INFO	Running command: "/Applications/Firefox.app/Contents/MacOS/firefox-bin" "-marionette" "-foreground" "-no-remote" "-profile" "/var/folders/3q/8mphg76x6s53xbhn1r_rkn240000gn/T/rust_mozprofilekI7giR"
1591714548681	Marionette	INFO	Listening on port 64192
1591714548771	Marionette	WARN	TLS certificate errors will be ignored for this session
JavaScript error: resource://gre/actors/AutoCompleteChild.jsm, line 196: Error: Invalid autocomplete selectedIndex
1591714559264	Marionette	INFO	Stopped listening on port 64192
1591714562029	mozrunner::runner	INFO	Running command: "/Applications/Firefox.app/Contents/MacOS/firefox-bin" "-marionette" "-foreground" "-no-remote" "-profile" "/var/folders/3q/8mphg76x6s53xbhn1r_rkn240000gn/T/rust_mozprofileOR3fZk"
1591714564296	Marionette	INFO	Listening on port 64246
1591714564382	Marionette	WARN	TLS certificate errors will be ignored for this session
JavaScript error: resource://gre/actors/AutoCompleteChild.jsm, line 196: Error: Invalid autocomplete selectedIndex
1591714566854	Marionette	INFO	Stopped listening on port 64246
1591714569228	mozrunner::runner	INFO	Running command: "/Applications/Firefox.app/Contents/MacOS/firefox-bin" "-marionette" "-foreground" "-no-remote" "-profile" "/var/folders/3q/8mphg76x6s53xbhn1r_rkn240000gn/T/rust_mozprofileM77IhN"
1591714571381	Marionette	INFO	Listening on port 64299
1591714571395	Marionette	WARN	TLS certificate errors will be ignored for this session
JavaScript error: resource://gre/actors/AutoCompleteChild.jsm, line 196: Error: Invalid autocomplete selectedIndex
1591714572347	Marionette	INFO	Stopped listening on port 64299
1591714638754	mozrunner::runner	INFO	Running command: "/Applications/Firefox.app/Contents/MacOS/firefox-bin" "-marionette" "-foreground" "-no-remote" "-profile" "/var/folders/3q/8mphg76x6s53xbhn1r_rkn240000gn/T/rust_mozprofileUzJVA0"
1591714641327	Marionette	INFO	Listening on port 64390
1591714641414	Marionette	WARN	TLS certificate errors will be ignored for this session
JavaScript error: resource://gre/actors/AutoCompleteChild.jsm, line 196: Error: Invalid autocomplete selectedIndex
1591714642438	Marionette	INFO	Stopped listening on port 64390
1591714645139	mozrunner::runner	INFO	Running command: "/Applications/Firefox.app/Contents/MacOS/firefox-bin" "-marionette" "-foreground" "-no-remote" "-profile" "/var/folders/3q/8mphg76x6s53xbhn1r_rkn240000gn/T/rust_mozprofileK6YK12"
1591714647343	Marionette	INFO	Listening on port 64447
1591714647395	Marionette	WARN	TLS certificate errors will be ignored for this session
JavaScript error: resource://gre/actors/AutoCompleteChild.jsm, line 196: Error: Invalid autocomplete selectedIndex
[GFX1-]: Receive IPC close with reason=AbnormalShutdown
[GFX1-]: Receive IPC close with reason=AbnormalShutdown
Exiting due to channel error.
Exiting due to channel error.
1591714704007	mozrunner::runner	INFO	Running command: "/Applications/Firefox.app/Contents/MacOS/firefox-bin" "-marionette" "-foreground" "-no-remote" "-profile" "/var/folders/3q/8mphg76x6s53xbhn1r_rkn240000gn/T/rust_mozprofilewOoOIJ"
1591714706238	Marionette	INFO	Listening on port 64520
1591714706257	Marionette	WARN	TLS certificate errors will be ignored for this session
JavaScript error: resource://gre/actors/AutoCompleteChild.jsm, line 196: Error: Invalid autocomplete selectedIndex
1591714707263	Marionette	INFO	Stopped listening on port 64520
1591714709960	mozrunner::runner	INFO	Running command: "/Applications/Firefox.app/Contents/MacOS/firefox-bin" "-marionette" "-foreground" "-no-remote" "-profile" "/var/folders/3q/8mphg76x6s53xbhn1r_rkn240000gn/T/rust_mozprofilea5zBFt"
1591714712489	Marionette	INFO	Listening on port 64575
1591714712507	Marionette	WARN	TLS certificate errors will be ignored for this session
JavaScript error: resource://gre/actors/AutoCompleteChild.jsm, line 196: Error: Invalid autocomplete selectedIndex
1591714723028	Marionette	INFO	Stopped listening on port 64575
1591714725765	mozrunner::runner	INFO	Running command: "/Applications/Firefox.app/Contents/MacOS/firefox-bin" "-marionette" "-foreground" "-no-remote" "-profile" "/var/folders/3q/8mphg76x6s53xbhn1r_rkn240000gn/T/rust_mozprofileQjqZ1A"
1591714728013	Marionette	INFO	Listening on port 64633
1591714728028	Marionette	WARN	TLS certificate errors will be ignored for this session
JavaScript error: resource://gre/actors/AutoCompleteChild.jsm, line 196: Error: Invalid autocomplete selectedIndex
1591714730764	Marionette	INFO	Stopped listening on port 64633
1591714735211	mozrunner::runner	INFO	Running command: "/Applications/Firefox.app/Contents/MacOS/firefox-bin" "-marionette" "-foreground" "-no-remote" "-profile" "/var/folders/3q/8mphg76x6s53xbhn1r_rkn240000gn/T/rust_mozprofileRWYHbk"
1591714737539	Marionette	INFO	Listening on port 64686
1591714737571	Marionette	WARN	TLS certificate errors will be ignored for this session
JavaScript error: resource://gre/actors/AutoCompleteChild.jsm, line 196: Error: Invalid autocomplete selectedIndex
1591714738512	Marionette	INFO	Stopped listening on port 64686
1591714813703	mozrunner::runner	INFO	Running command: "/Applications/Firefox.app/Contents/MacOS/firefox-bin" "-marionette" "-foreground" "-no-remote" "-profile" "/var/folders/3q/8mphg76x6s53xbhn1r_rkn240000gn/T/rust_mozprofileL74MoJ"
1591714815847	Marionette	INFO	Listening on port 64766
1591714815862	Marionette	WARN	TLS certificate errors will be ignored for this session
JavaScript error: resource://gre/actors/AutoCompleteChild.jsm, line 196: Error: Invalid autocomplete selectedIndex
1591714816873	Marionette	INFO	Stopped listening on port 64766
1591714819076	mozrunner::runner	INFO	Running command: "/Applications/Firefox.app/Contents/MacOS/firefox-bin" "-marionette" "-foreground" "-no-remote" "-profile" "/var/folders/3q/8mphg76x6s53xbhn1r_rkn240000gn/T/rust_mozprofileh4YV0M"
1591714821411	Marionette	INFO	Listening on port 64817
1591714821434	Marionette	WARN	TLS certificate errors will be ignored for this session
JavaScript error: resource://gre/actors/AutoCompleteChild.jsm, line 196: Error: Invalid autocomplete selectedIndex
1591714834387	Marionette	INFO	Stopped listening on port 64817
1591714837200	mozrunner::runner	INFO	Running command: "/Applications/Firefox.app/Contents/MacOS/firefox-bin" "-marionette" "-foreground" "-no-remote" "-profile" "/var/folders/3q/8mphg76x6s53xbhn1r_rkn240000gn/T/rust_mozprofileSeNvaS"
1591714839607	Marionette	INFO	Listening on port 64874
1591714839639	Marionette	WARN	TLS certificate errors will be ignored for this session
JavaScript error: resource://gre/actors/AutoCompleteChild.jsm, line 196: Error: Invalid autocomplete selectedIndex
1591714842188	Marionette	INFO	Stopped listening on port 64874
1591714843751	mozrunner::runner	INFO	Running command: "/Applications/Firefox.app/Contents/MacOS/firefox-bin" "-marionette" "-foreground" "-no-remote" "-profile" "/var/folders/3q/8mphg76x6s53xbhn1r_rkn240000gn/T/rust_mozprofilet39XI2"
1591714846097	Marionette	INFO	Listening on port 64930
1591714846191	Marionette	WARN	TLS certificate errors will be ignored for this session
JavaScript error: resource://gre/actors/AutoCompleteChild.jsm, line 196: Error: Invalid autocomplete selectedIndex
1591714847131	Marionette	INFO	Stopped listening on port 64930
1591714940069	mozrunner::runner	INFO	Running command: "/Applications/Firefox.app/Contents/MacOS/firefox-bin" "-marionette" "-foreground" "-no-remote" "-profile" "/var/folders/3q/8mphg76x6s53xbhn1r_rkn240000gn/T/rust_mozprofile1qkrjw"
1591714942248	Marionette	INFO	Listening on port 65013
1591714942309	Marionette	WARN	TLS certificate errors will be ignored for this session
JavaScript error: resource://gre/actors/AutoCompleteChild.jsm, line 196: Error: Invalid autocomplete selectedIndex
1591714943368	Marionette	INFO	Stopped listening on port 65013
1591714945992	mozrunner::runner	INFO	Running command: "/Applications/Firefox.app/Contents/MacOS/firefox-bin" "-marionette" "-foreground" "-no-remote" "-profile" "/var/folders/3q/8mphg76x6s53xbhn1r_rkn240000gn/T/rust_mozprofile9nw4vb"
1591714948147	Marionette	INFO	Listening on port 65067
1591714948238	Marionette	WARN	TLS certificate errors will be ignored for this session
JavaScript error: resource://gre/actors/AutoCompleteChild.jsm, line 196: Error: Invalid autocomplete selectedIndex
1591714960756	Marionette	INFO	Stopped listening on port 65067
1591714963481	mozrunner::runner	INFO	Running command: "/Applications/Firefox.app/Contents/MacOS/firefox-bin" "-marionette" "-foreground" "-no-remote" "-profile" "/var/folders/3q/8mphg76x6s53xbhn1r_rkn240000gn/T/rust_mozprofilerWdE8Z"
1591714965811	Marionette	INFO	Listening on port 65122
1591714965859	Marionette	WARN	TLS certificate errors will be ignored for this session
JavaScript error: resource://gre/actors/AutoCompleteChild.jsm, line 196: Error: Invalid autocomplete selectedIndex
1591714967322	Marionette	INFO	Stopped listening on port 65122
1591714969667	mozrunner::runner	INFO	Running command: "/Applications/Firefox.app/Contents/MacOS/firefox-bin" "-marionette" "-foreground" "-no-remote" "-profile" "/var/folders/3q/8mphg76x6s53xbhn1r_rkn240000gn/T/rust_mozprofilexlgPiW"
1591714972085	Marionette	INFO	Listening on port 65176
1591714972132	Marionette	WARN	TLS certificate errors will be ignored for this session
JavaScript error: resource://gre/actors/AutoCompleteChild.jsm, line 196: Error: Invalid autocomplete selectedIndex
Exiting due to channel error.
Exiting due to channel error.
1591714981634	mozrunner::runner	INFO	Running command: "/Applications/Firefox.app/Contents/MacOS/firefox-bin" "-marionette" "-foreground" "-no-remote" "-profile" "/var/folders/3q/8mphg76x6s53xbhn1r_rkn240000gn/T/rust_mozprofileZnhz0v"
1591714983931	Marionette	INFO	Listening on port 65242
1591714983997	Marionette	WARN	TLS certificate errors will be ignored for this session
JavaScript error: resource://gre/actors/AutoCompleteChild.jsm, line 196: Error: Invalid autocomplete selectedIndex
1591714984986	Marionette	INFO	Stopped listening on port 65242
1591714987670	mozrunner::runner	INFO	Running command: "/Applications/Firefox.app/Contents/MacOS/firefox-bin" "-marionette" "-foreground" "-no-remote" "-profile" "/var/folders/3q/8mphg76x6s53xbhn1r_rkn240000gn/T/rust_mozprofile3a53UA"
1591714989871	Marionette	INFO	Listening on port 65297
1591714989920	Marionette	WARN	TLS certificate errors will be ignored for this session
JavaScript error: resource://gre/actors/AutoCompleteChild.jsm, line 196: Error: Invalid autocomplete selectedIndex
1591714992510	Marionette	INFO	Stopped listening on port 65297
1591714995122	mozrunner::runner	INFO	Running command: "/Applications/Firefox.app/Contents/MacOS/firefox-bin" "-marionette" "-foreground" "-no-remote" "-profile" "/var/folders/3q/8mphg76x6s53xbhn1r_rkn240000gn/T/rust_mozprofileoUJMbZ"
1591714997357	Marionette	INFO	Listening on port 65351
1591714997373	Marionette	WARN	TLS certificate errors will be ignored for this session
JavaScript error: resource://gre/actors/AutoCompleteChild.jsm, line 196: Error: Invalid autocomplete selectedIndex
1591714999851	Marionette	INFO	Stopped listening on port 65351
1591715002210	mozrunner::runner	INFO	Running command: "/Applications/Firefox.app/Contents/MacOS/firefox-bin" "-marionette" "-foreground" "-no-remote" "-profile" "/var/folders/3q/8mphg76x6s53xbhn1r_rkn240000gn/T/rust_mozprofilehBMcUH"
1591715004403	Marionette	INFO	Listening on port 65404
1591715004459	Marionette	WARN	TLS certificate errors will be ignored for this session
JavaScript error: resource://gre/actors/AutoCompleteChild.jsm, line 196: Error: Invalid autocomplete selectedIndex
1591715005368	Marionette	INFO	Stopped listening on port 65404
1591715059926	mozrunner::runner	INFO	Running command: "/Applications/Firefox.app/Contents/MacOS/firefox-bin" "-marionette" "-foreground" "-no-remote" "-profile" "/var/folders/3q/8mphg76x6s53xbhn1r_rkn240000gn/T/rust_mozprofileh5lrvH"
1591715062065	Marionette	INFO	Listening on port 65479
1591715062167	Marionette	WARN	TLS certificate errors will be ignored for this session
JavaScript error: resource://gre/actors/AutoCompleteChild.jsm, line 196: Error: Invalid autocomplete selectedIndex
1591715063083	Marionette	INFO	Stopped listening on port 65479
1591715065829	mozrunner::runner	INFO	Running command: "/Applications/Firefox.app/Contents/MacOS/firefox-bin" "-marionette" "-foreground" "-no-remote" "-profile" "/var/folders/3q/8mphg76x6s53xbhn1r_rkn240000gn/T/rust_mozprofileXMOzfB"
1591715068083	Marionette	INFO	Listening on port 65535
1591715068182	Marionette	WARN	TLS certificate errors will be ignored for this session
JavaScript error: resource://gre/actors/AutoCompleteChild.jsm, line 196: Error: Invalid autocomplete selectedIndex
1591715070729	Marionette	INFO	Stopped listening on port 65535
1591715072360	mozrunner::runner	INFO	Running command: "/Applications/Firefox.app/Contents/MacOS/firefox-bin" "-marionette" "-foreground" "-no-remote" "-profile" "/var/folders/3q/8mphg76x6s53xbhn1r_rkn240000gn/T/rust_mozprofileJoIlOd"
1591715074582	Marionette	INFO	Listening on port 49206
1591715074619	Marionette	WARN	TLS certificate errors will be ignored for this session
JavaScript error: resource://gre/actors/AutoCompleteChild.jsm, line 196: Error: Invalid autocomplete selectedIndex
1591715077124	Marionette	INFO	Stopped listening on port 49206
1591715079493	mozrunner::runner	INFO	Running command: "/Applications/Firefox.app/Contents/MacOS/firefox-bin" "-marionette" "-foreground" "-no-remote" "-profile" "/var/folders/3q/8mphg76x6s53xbhn1r_rkn240000gn/T/rust_mozprofile1cDiQy"
1591715081688	Marionette	INFO	Listening on port 49260
1591715081752	Marionette	WARN	TLS certificate errors will be ignored for this session
JavaScript error: resource://gre/actors/AutoCompleteChild.jsm, line 196: Error: Invalid autocomplete selectedIndex
1591715082658	Marionette	INFO	Stopped listening on port 49260
